        -:    0:Source:/home/stefy0-0/CLionProjects/SAD/TAD Multime/main.cpp
        -:    0:Graph:/home/stefy0-0/CLionProjects/SAD/TAD Multime/cmake-build-debug-coverage/CMakeFiles/TAD_Multime.dir/main.cpp.gcno
        -:    0:Data:/home/stefy0-0/CLionProjects/SAD/TAD Multime/cmake-build-debug-coverage/CMakeFiles/TAD_Multime.dir/main.cpp.gcda
        -:    0:Runs:1
        -:    1:#include "TestScurt.h"
        -:    2:#include "TestExtins.h"
        -:    3:
function main called 1 returned 100% blocks executed 100%
        1:    4:int main() {
        1:    5:    testAll();
        1:    5-block  0
call    0 returned 1
        1:    6:    testAllExtins();
call    0 returned 1
        1:    7:    return 0;
        -:    8:}
